<?xml version="1.0" encoding="UTF-8"?>
<!-- Generated by org.testng.reporters.JUnitReportReporter -->
<testsuite hostname="LAP12740" name="selenium.topic1_checkenv" tests="3" failures="0" timestamp="22 Aug 2019 10:31:42 GMT" time="9.690" errors="0">
  <testcase name="TC_02_Login" time="6.617" classname="selenium.topic1_checkenv"/>
  <testcase name="TC_03_selectIncorrectServer" time="1.464" classname="selenium.topic1_checkenv"/>
  <testcase name="TC_04_selectCorrectServer" time="1.609" classname="selenium.topic1_checkenv"/>
</testsuite> <!-- selenium.topic1_checkenv -->
