<?xml version="1.0" encoding="UTF-8"?>
<!-- Generated by org.testng.reporters.JUnitReportReporter -->
<testsuite hostname="LAP12740" name="DKV.HomePage" tests="6" failures="0" timestamp="3 Oct 2019 09:27:56 GMT" time="13.608" errors="0">
  <testcase name="TC_10_paymentCreditInvalidAmount" time="2.050" classname="DKV.HomePage"/>
  <testcase name="TC_10_paymentCreditInvalidAmount" time="2.116" classname="DKV.HomePage"/>
  <testcase name="TC_01_Login2" time="4.568" classname="DKV.HomePage"/>
  <testcase name="TC_10_paymentCreditInvalidAmount" time="2.021" classname="DKV.HomePage"/>
  <testcase name="TC_01_Login" time="0.782" classname="DKV.HomePage"/>
  <testcase name="TC_10_paymentCreditInvalidAmount" time="2.071" classname="DKV.HomePage"/>
</testsuite> <!-- DKV.HomePage -->
