<?xml version="1.0" encoding="UTF-8"?>
<!-- Generated by org.testng.reporters.JUnitReportReporter -->
<testsuite hostname="LAP12740" name="Default_Theme.TestCases" tests="4" failures="0" timestamp="10 Oct 2019 08:37:03 GMT" time="112.017" errors="0">
  <testcase name="TC_01_Login" time="1.010" classname="Default_Theme.TestCases"/>
  <testcase name="TC_01_Login2" time="62.371" classname="Default_Theme.TestCases"/>
  <testcase name="TC_12_paymentViettelSMS" time="24.937" classname="Default_Theme.TestCases"/>
  <testcase name="TC_13_paymentMobiSMS" time="23.699" classname="Default_Theme.TestCases"/>
</testsuite> <!-- Default_Theme.TestCases -->
