<?xml version="1.0" encoding="UTF-8"?>
<!-- Generated by org.testng.reporters.JUnitReportReporter -->
<testsuite hostname="LAP12740" name="selenium.HomePage" tests="2" failures="0" timestamp="23 Sep 2019 02:38:06 GMT" time="2.641" errors="0">
  <testcase name="TC_01_HomePageShow" time="0.065" classname="selenium.HomePage"/>
  <testcase name="TC_02_Search" time="2.576" classname="selenium.HomePage"/>
</testsuite> <!-- selenium.HomePage -->
